14:10:03 **** Incremental Build of configuration Debug for project CalFp 04 ****
Info: Internal Builder is used for build
g++ -std=c++1y "-IC:\\Users\\Eu\\workspace\\CalFp 04\\cute" "-IC:\\Users\\Eu\\workspace\\CalFp 04\\boost" -O0 -g3 -Wall -c -fmessage-length=0 -Wno-attributes -o "src\\Test.o" "..\\src\\Test.cpp" 
In file included from ..\src\Test.cpp:5:0:
..\src\Graph.h: In instantiation of 'bool Graph<T>::addEdge(const T&, const T&, double) [with T = Person]':
..\src\Test.cpp:20:22:   required from here
..\src\Graph.h:117:3: error: no matching function for call to 'Vertex<Person>::addEdge(const Person&, double&)'
   v2->addEdge(dest,w);
   ^~
..\src\Graph.h:130:6: note: candidate: void Vertex<T>::addEdge(Vertex<T>*, double) [with T = Person]
 void Vertex<T>::addEdge(Vertex<T> *d, double w) {
      ^~~~~~~~~
..\src\Graph.h:130:6: note:   no known conversion for argument 1 from 'const Person' to 'Vertex<Person>*'
..\src\Graph.h: In instantiation of 'bool Graph<T>::removeVertex(const T&) [with T = Person]':
..\src\Test.cpp:51:2:   required from here
..\src\Graph.h:189:5: error: no matching function for call to 'begin(__gnu_cxx::__normal_iterator<Vertex<Person>**, std::vector<Vertex<Person>*, std::allocator<Vertex<Person>*> > >&)'
     for(auto u : it){
     ^~~
In file included from c:\mingw\lib\gcc\mingw32\6.3.0\include\c++\string:51:0,
                 from C:\Users\Eu\workspace\CalFp 04\cute/cute_base.h:23,
                 from C:\Users\Eu\workspace\CalFp 04\cute/cute.h:24,
                 from ..\src\Test.cpp:1:
c:\mingw\lib\gcc\mingw32\6.3.0\include\c++\bits\range_access.h:105:37: note: candidate: template<class _Tp> const _Tp* std::begin(const std::valarray<_Tp>&)
   template<typename _Tp> const _Tp* begin(const valarray<_Tp>&);
                                     ^~~~~
c:\mingw\lib\gcc\mingw32\6.3.0\include\c++\bits\range_access.h:105:37: note:   template argument deduction/substitution failed:
In file included from ..\src\Test.cpp:5:0:
..\src\Graph.h:189:5: note:   '__gnu_cxx::__normal_iterator<Vertex<Person>**, std::vector<Vertex<Person>*, std::allocator<Vertex<Person>*> > >' is not derived from 'const std::valarray<_Tp>'
     for(auto u : it){
     ^~~
In file included from c:\mingw\lib\gcc\mingw32\6.3.0\include\c++\string:51:0,
                 from C:\Users\Eu\workspace\CalFp 04\cute/cute_base.h:23,
                 from C:\Users\Eu\workspace\CalFp 04\cute/cute.h:24,
                 from ..\src\Test.cpp:1:
c:\mingw\lib\gcc\mingw32\6.3.0\include\c++\bits\range_access.h:104:31: note: candidate: template<class _Tp> _Tp* std::begin(std::valarray<_Tp>&)
   template<typename _Tp> _Tp* begin(valarray<_Tp>&);
                               ^~~~~
c:\mingw\lib\gcc\mingw32\6.3.0\include\c++\bits\range_access.h:104:31: note:   template argument deduction/substitution failed:
In file included from ..\src\Test.cpp:5:0:
..\src\Graph.h:189:5: note:   '__gnu_cxx::__normal_iterator<Vertex<Person>**, std::vector<Vertex<Person>*, std::allocator<Vertex<Person>*> > >' is not derived from 'std::valarray<_Tp>'
     for(auto u : it){
     ^~~
In file included from c:\mingw\lib\gcc\mingw32\6.3.0\include\c++\string:51:0,
                 from C:\Users\Eu\workspace\CalFp 04\cute/cute_base.h:23,
                 from C:\Users\Eu\workspace\CalFp 04\cute/cute.h:24,
                 from ..\src\Test.cpp:1:
c:\mingw\lib\gcc\mingw32\6.3.0\include\c++\bits\range_access.h:87:5: note: candidate: template<class _Tp, unsigned int _Nm> constexpr _Tp* std::begin(_Tp (&)[_Nm])
     begin(_Tp (&__arr)[_Nm])
     ^~~~~
c:\mingw\lib\gcc\mingw32\6.3.0\include\c++\bits\range_access.h:87:5: note:   template argument deduction/substitution failed:
In file included from ..\src\Test.cpp:5:0:
..\src\Graph.h:189:5: note:   mismatched types '_Tp [_Nm]' and '__gnu_cxx::__normal_iterator<Vertex<Person>**, std::vector<Vertex<Person>*, std::allocator<Vertex<Person>*> > >'
     for(auto u : it){
     ^~~
In file included from c:\mingw\lib\gcc\mingw32\6.3.0\include\c++\string:51:0,
                 from C:\Users\Eu\workspace\CalFp 04\cute/cute_base.h:23,
                 from C:\Users\Eu\workspace\CalFp 04\cute/cute.h:24,
                 from ..\src\Test.cpp:1:
c:\mingw\lib\gcc\mingw32\6.3.0\include\c++\bits\range_access.h:58:5: note: candidate: template<class _Container> decltype (__cont.begin()) std::begin(const _Container&)
     begin(const _Container& __cont) -> decltype(__cont.begin())
     ^~~~~
c:\mingw\lib\gcc\mingw32\6.3.0\include\c++\bits\range_access.h:58:5: note:   template argument deduction/substitution failed:
c:\mingw\lib\gcc\mingw32\6.3.0\include\c++\bits\range_access.h: In substitution of 'template<class _Container> decltype (__cont.begin()) std::begin(const _Container&) [with _Container = __gnu_cxx::__normal_iterator<Vertex<Person>**, std::vector<Vertex<Person>*, std::allocator<Vertex<Person>*> > >]':
..\src\Graph.h:189:5:   required from 'bool Graph<T>::removeVertex(const T&) [with T = Person]'
..\src\Test.cpp:51:2:   required from here
c:\mingw\lib\gcc\mingw32\6.3.0\include\c++\bits\range_access.h:58:56: error: 'const class __gnu_cxx::__normal_iterator<Vertex<Person>**, std::vector<Vertex<Person>*, std::allocator<Vertex<Person>*> > >' has no member named 'begin'
     begin(const _Container& __cont) -> decltype(__cont.begin())
                                                 ~~~~~~~^~~~~
..\src\Graph.h: In instantiation of 'bool Graph<T>::removeVertex(const T&) [with T = Person]':
..\src\Test.cpp:51:2:   required from here
c:\mingw\lib\gcc\mingw32\6.3.0\include\c++\bits\range_access.h:48:5: note: candidate: template<class _Container> decltype (__cont.begin()) std::begin(_Container&)
     begin(_Container& __cont) -> decltype(__cont.begin())
     ^~~~~
c:\mingw\lib\gcc\mingw32\6.3.0\include\c++\bits\range_access.h:48:5: note:   template argument deduction/substitution failed:
c:\mingw\lib\gcc\mingw32\6.3.0\include\c++\bits\range_access.h: In substitution of 'template<class _Container> decltype (__cont.begin()) std::begin(_Container&) [with _Container = __gnu_cxx::__normal_iterator<Vertex<Person>**, std::vector<Vertex<Person>*, std::allocator<Vertex<Person>*> > >]':
..\src\Graph.h:189:5:   required from 'bool Graph<T>::removeVertex(const T&) [with T = Person]'
..\src\Test.cpp:51:2:   required from here
c:\mingw\lib\gcc\mingw32\6.3.0\include\c++\bits\range_access.h:48:50: error: 'class __gnu_cxx::__normal_iterator<Vertex<Person>**, std::vector<Vertex<Person>*, std::allocator<Vertex<Person>*> > >' has no member named 'begin'
     begin(_Container& __cont) -> decltype(__cont.begin())
                                           ~~~~~~~^~~~~
In file included from c:\mingw\lib\gcc\mingw32\6.3.0\include\c++\bits\range_access.h:36:0,
                 from c:\mingw\lib\gcc\mingw32\6.3.0\include\c++\string:51,
                 from C:\Users\Eu\workspace\CalFp 04\cute/cute_base.h:23,
                 from C:\Users\Eu\workspace\CalFp 04\cute/cute.h:24,
                 from ..\src\Test.cpp:1:
..\src\Graph.h: In instantiation of 'bool Graph<T>::removeVertex(const T&) [with T = Person]':
..\src\Test.cpp:51:2:   required from here
c:\mingw\lib\gcc\mingw32\6.3.0\include\c++\initializer_list:89:5: note: candidate: template<class _Tp> constexpr const _Tp* std::begin(std::initializer_list<_Tp>)
     begin(initializer_list<_Tp> __ils) noexcept
     ^~~~~
c:\mingw\lib\gcc\mingw32\6.3.0\include\c++\initializer_list:89:5: note:   template argument deduction/substitution failed:
In file included from ..\src\Test.cpp:5:0:
..\src\Graph.h:189:5: note:   '__gnu_cxx::__normal_iterator<Vertex<Person>**, std::vector<Vertex<Person>*, std::allocator<Vertex<Person>*> > >' is not derived from 'std::initializer_list<_Tp>'
     for(auto u : it){
     ^~~
..\src\Graph.h:189:5: error: no matching function for call to 'end(__gnu_cxx::__normal_iterator<Vertex<Person>**, std::vector<Vertex<Person>*, std::allocator<Vertex<Person>*> > >&)'
In file included from c:\mingw\lib\gcc\mingw32\6.3.0\include\c++\string:51:0,
                 from C:\Users\Eu\workspace\CalFp 04\cute/cute_base.h:23,
                 from C:\Users\Eu\workspace\CalFp 04\cute/cute.h:24,
                 from ..\src\Test.cpp:1:
c:\mingw\lib\gcc\mingw32\6.3.0\include\c++\bits\range_access.h:107:37: note: candidate: template<class _Tp> const _Tp* std::end(const std::valarray<_Tp>&)
   template<typename _Tp> const _Tp* end(const valarray<_Tp>&);
                                     ^~~
c:\mingw\lib\gcc\mingw32\6.3.0\include\c++\bits\range_access.h:107:37: note:   template argument deduction/substitution failed:
In file included from ..\src\Test.cpp:5:0:
..\src\Graph.h:189:5: note:   '__gnu_cxx::__normal_iterator<Vertex<Person>**, std::vector<Vertex<Person>*, std::allocator<Vertex<Person>*> > >' is not derived from 'const std::valarray<_Tp>'
     for(auto u : it){
     ^~~
In file included from c:\mingw\lib\gcc\mingw32\6.3.0\include\c++\string:51:0,
                 from C:\Users\Eu\workspace\CalFp 04\cute/cute_base.h:23,
                 from C:\Users\Eu\workspace\CalFp 04\cute/cute.h:24,
                 from ..\src\Test.cpp:1:
c:\mingw\lib\gcc\mingw32\6.3.0\include\c++\bits\range_access.h:106:31: note: candidate: template<class _Tp> _Tp* std::end(std::valarray<_Tp>&)
   template<typename _Tp> _Tp* end(valarray<_Tp>&);
                               ^~~
c:\mingw\lib\gcc\mingw32\6.3.0\include\c++\bits\range_access.h:106:31: note:   template argument deduction/substitution failed:
In file included from ..\src\Test.cpp:5:0:
..\src\Graph.h:189:5: note:   '__gnu_cxx::__normal_iterator<Vertex<Person>**, std::vector<Vertex<Person>*, std::allocator<Vertex<Person>*> > >' is not derived from 'std::valarray<_Tp>'
     for(auto u : it){
     ^~~
In file included from c:\mingw\lib\gcc\mingw32\6.3.0\include\c++\string:51:0,
                 from C:\Users\Eu\workspace\CalFp 04\cute/cute_base.h:23,
                 from C:\Users\Eu\workspace\CalFp 04\cute/cute.h:24,
                 from ..\src\Test.cpp:1:
c:\mingw\lib\gcc\mingw32\6.3.0\include\c++\bits\range_access.h:97:5: note: candidate: template<class _Tp, unsigned int _Nm> constexpr _Tp* std::end(_Tp (&)[_Nm])
     end(_Tp (&__arr)[_Nm])
     ^~~
c:\mingw\lib\gcc\mingw32\6.3.0\include\c++\bits\range_access.h:97:5: note:   template argument deduction/substitution failed:
In file included from ..\src\Test.cpp:5:0:
..\src\Graph.h:189:5: note:   mismatched types '_Tp [_Nm]' and '__gnu_cxx::__normal_iterator<Vertex<Person>**, std::vector<Vertex<Person>*, std::allocator<Vertex<Person>*> > >'
     for(auto u : it){
     ^~~
In file included from c:\mingw\lib\gcc\mingw32\6.3.0\include\c++\string:51:0,
                 from C:\Users\Eu\workspace\CalFp 04\cute/cute_base.h:23,
                 from C:\Users\Eu\workspace\CalFp 04\cute/cute.h:24,
                 from ..\src\Test.cpp:1:
c:\mingw\lib\gcc\mingw32\6.3.0\include\c++\bits\range_access.h:78:5: note: candidate: template<class _Container> decltype (__cont.end()) std::end(const _Container&)
     end(const _Container& __cont) -> decltype(__cont.end())
     ^~~
c:\mingw\lib\gcc\mingw32\6.3.0\include\c++\bits\range_access.h:78:5: note:   template argument deduction/substitution failed:
c:\mingw\lib\gcc\mingw32\6.3.0\include\c++\bits\range_access.h: In substitution of 'template<class _Container> decltype (__cont.end()) std::end(const _Container&) [with _Container = __gnu_cxx::__normal_iterator<Vertex<Person>**, std::vector<Vertex<Person>*, std::allocator<Vertex<Person>*> > >]':
..\src\Graph.h:189:5:   required from 'bool Graph<T>::removeVertex(const T&) [with T = Person]'
..\src\Test.cpp:51:2:   required from here
c:\mingw\lib\gcc\mingw32\6.3.0\include\c++\bits\range_access.h:78:54: error: 'const class __gnu_cxx::__normal_iterator<Vertex<Person>**, std::vector<Vertex<Person>*, std::allocator<Vertex<Person>*> > >' has no member named 'end'
     end(const _Container& __cont) -> decltype(__cont.end())
                                               ~~~~~~~^~~
..\src\Graph.h: In instantiation of 'bool Graph<T>::removeVertex(const T&) [with T = Person]':
..\src\Test.cpp:51:2:   required from here
c:\mingw\lib\gcc\mingw32\6.3.0\include\c++\bits\range_access.h:68:5: note: candidate: template<class _Container> decltype (__cont.end()) std::end(_Container&)
     end(_Container& __cont) -> decltype(__cont.end())
     ^~~
c:\mingw\lib\gcc\mingw32\6.3.0\include\c++\bits\range_access.h:68:5: note:   template argument deduction/substitution failed:
c:\mingw\lib\gcc\mingw32\6.3.0\include\c++\bits\range_access.h: In substitution of 'template<class _Container> decltype (__cont.end()) std::end(_Container&) [with _Container = __gnu_cxx::__normal_iterator<Vertex<Person>**, std::vector<Vertex<Person>*, std::allocator<Vertex<Person>*> > >]':
..\src\Graph.h:189:5:   required from 'bool Graph<T>::removeVertex(const T&) [with T = Person]'
..\src\Test.cpp:51:2:   required from here
c:\mingw\lib\gcc\mingw32\6.3.0\include\c++\bits\range_access.h:68:48: error: 'class __gnu_cxx::__normal_iterator<Vertex<Person>**, std::vector<Vertex<Person>*, std::allocator<Vertex<Person>*> > >' has no member named 'end'
     end(_Container& __cont) -> decltype(__cont.end())
                                         ~~~~~~~^~~
In file included from c:\mingw\lib\gcc\mingw32\6.3.0\include\c++\bits\range_access.h:36:0,
                 from c:\mingw\lib\gcc\mingw32\6.3.0\include\c++\string:51,
                 from C:\Users\Eu\workspace\CalFp 04\cute/cute_base.h:23,
                 from C:\Users\Eu\workspace\CalFp 04\cute/cute.h:24,
                 from ..\src\Test.cpp:1:
..\src\Graph.h: In instantiation of 'bool Graph<T>::removeVertex(const T&) [with T = Person]':
..\src\Test.cpp:51:2:   required from here
c:\mingw\lib\gcc\mingw32\6.3.0\include\c++\initializer_list:99:5: note: candidate: template<class _Tp> constexpr const _Tp* std::end(std::initializer_list<_Tp>)
     end(initializer_list<_Tp> __ils) noexcept
     ^~~
c:\mingw\lib\gcc\mingw32\6.3.0\include\c++\initializer_list:99:5: note:   template argument deduction/substitution failed:
In file included from ..\src\Test.cpp:5:0:
..\src\Graph.h:189:5: note:   '__gnu_cxx::__normal_iterator<Vertex<Person>**, std::vector<Vertex<Person>*, std::allocator<Vertex<Person>*> > >' is not derived from 'std::initializer_list<_Tp>'
     for(auto u : it){
     ^~~
..\src\Graph.h: In instantiation of 'bool Graph<T>::addEdge(const T&, const T&, double) [with T = int]':
..\src\Test.cpp:171:25:   required from here
..\src\Graph.h:117:3: error: invalid conversion from 'int' to 'Vertex<int>*' [-fpermissive]
   v2->addEdge(dest,w);
   ^~
..\src\Graph.h:130:6: note:   initializing argument 1 of 'void Vertex<T>::addEdge(Vertex<T>*, double) [with T = int]'
 void Vertex<T>::addEdge(Vertex<T> *d, double w) {
      ^~~~~~~~~

14:10:05 Build Finished (took 1s.484ms)

